<?xml version="1.0" encoding="UTF-8"?>
<!-- Generated by org.testng.reporters.JUnitReportReporter -->
<testsuite hostname="AFOIG-710221913" name="zuoye.NewTest" tests="2" failures="0" timestamp="3 Jan 2019 02:53:19 GMT" time="4.254" errors="0">
  <testcase name="login" time="0.507" classname="zuoye.NewTest"/>
  <testcase name="qukuan" time="3.747" classname="zuoye.NewTest"/>
</testsuite> <!-- zuoye.NewTest -->
